[debug] [2020-01-28T22:32:29.273Z] ----------------------------------------------------------------------
[debug] [2020-01-28T22:32:29.275Z] Command:       /usr/local/bin/node /usr/local/bin/firebase init
[debug] [2020-01-28T22:32:29.275Z] CLI Version:   7.12.1
[debug] [2020-01-28T22:32:29.275Z] Platform:      darwin
[debug] [2020-01-28T22:32:29.275Z] Node Version:  v12.13.1
[debug] [2020-01-28T22:32:29.276Z] Time:          Tue Jan 28 2020 16:32:29 GMT-0600 (Central Standard Time)
[debug] [2020-01-28T22:32:29.276Z] ----------------------------------------------------------------------
[debug] [2020-01-28T22:32:29.276Z] 
[debug] [2020-01-28T22:32:29.285Z] > command requires scopes: ["email","openid","https://www.googleapis.com/auth/cloudplatformprojects.readonly","https://www.googleapis.com/auth/firebase","https://www.googleapis.com/auth/cloud-platform"]
[debug] [2020-01-28T22:32:29.285Z] > authorizing via signed-in user
[info] 
     ######## #### ########  ######## ########     ###     ######  ########
     ##        ##  ##     ## ##       ##     ##  ##   ##  ##       ##
     ######    ##  ########  ######   ########  #########  ######  ######
     ##        ##  ##    ##  ##       ##     ## ##     ##       ## ##
     ##       #### ##     ## ######## ########  ##     ##  ######  ########

You're about to initialize a Firebase project in this directory:

  /Users/Ridwan/Documents/Projects/kouncelist

[info] 
=== Project Setup
[info] 
[info] First, let's associate this project directory with a Firebase project.
[info] You can create multiple project aliases by running firebase use --add, 
[info] but for now we'll just set up a default project.
[info] 
[debug] [2020-01-28T22:34:03.176Z] > refreshing access token with scopes: ["email","https://www.googleapis.com/auth/cloud-platform","https://www.googleapis.com/auth/cloudplatformprojects.readonly","https://www.googleapis.com/auth/firebase","openid"]
[debug] [2020-01-28T22:34:03.176Z] >>> HTTP REQUEST POST https://www.googleapis.com/oauth2/v3/token  
 <request body omitted>
[debug] [2020-01-28T22:34:03.415Z] <<< HTTP RESPONSE 200
[debug] [2020-01-28T22:34:03.432Z] >>> HTTP REQUEST GET https://firebase.googleapis.com/v1beta1/projects?pageSize=100  
 
[debug] [2020-01-28T22:34:03.939Z] <<< HTTP RESPONSE 200
[info] i  Using project kouncelist (kouncelist)
[info] 
=== Hosting Setup
[info] 
[info] Your public directory is the folder (relative to your project directory) that
[info] will contain Hosting assets to be uploaded with firebase deploy. If you
[info] have a build process for your assets, use your build's output directory.
[info] 
